c:\users\qaws1\downloads\dd (2) (4)\0.enter the gungeon\debug\0.enter the gungeon.pch
c:\users\qaws1\downloads\dd (2) (4)\0.enter the gungeon\debug\vc140.pdb
c:\users\qaws1\downloads\dd (2) (4)\0.enter the gungeon\debug\vc140.idb
c:\users\qaws1\downloads\dd (2) (4)\0.enter the gungeon\debug\stdafx.obj
c:\users\qaws1\downloads\dd (2) (4)\0.enter the gungeon\debug\mybitmap.obj
c:\users\qaws1\downloads\dd (2) (4)\0.enter the gungeon\debug\mybutton.obj
c:\users\qaws1\downloads\dd (2) (4)\0.enter the gungeon\debug\myedit.obj
c:\users\qaws1\downloads\dd (2) (4)\0.enter the gungeon\debug\mymenu.obj
c:\users\qaws1\downloads\dd (2) (4)\0.enter the gungeon\debug\obj.obj
c:\users\qaws1\downloads\dd (2) (4)\0.enter the gungeon\debug\objmgr.obj
c:\users\qaws1\downloads\dd (2) (4)\0.enter the gungeon\debug\oldgun.obj
c:\users\qaws1\downloads\dd (2) (4)\0.enter the gungeon\debug\player.obj
c:\users\qaws1\downloads\dd (2) (4)\0.enter the gungeon\debug\randomposbullet.obj
c:\users\qaws1\downloads\dd (2) (4)\0.enter the gungeon\debug\redgundead.obj
c:\users\qaws1\downloads\dd (2) (4)\0.enter the gungeon\debug\scene.obj
c:\users\qaws1\downloads\dd (2) (4)\0.enter the gungeon\debug\scenemgr.obj
c:\users\qaws1\downloads\dd (2) (4)\0.enter the gungeon\debug\scrollmgr.obj
c:\users\qaws1\downloads\dd (2) (4)\0.enter the gungeon\debug\shieldbullet.obj
c:\users\qaws1\downloads\dd (2) (4)\0.enter the gungeon\debug\soundmgr.obj
c:\users\qaws1\downloads\dd (2) (4)\0.enter the gungeon\debug\stage.obj
c:\users\qaws1\downloads\dd (2) (4)\0.enter the gungeon\debug\tile.obj
c:\users\qaws1\downloads\dd (2) (4)\0.enter the gungeon\debug\tilemgr.obj
c:\users\qaws1\downloads\dd (2) (4)\0.enter the gungeon\debug\way5shotgun.obj
c:\users\qaws1\downloads\dd (2) (4)\0.enter the gungeon\debug\weapon.obj
c:\users\qaws1\downloads\dd (2) (4)\0.enter the gungeon\debug\0.enter the gungeon.obj
c:\users\qaws1\downloads\dd (2) (4)\0.enter the gungeon\debug\blankbullet.obj
c:\users\qaws1\downloads\dd (2) (4)\0.enter the gungeon\debug\bluegundead.obj
c:\users\qaws1\downloads\dd (2) (4)\0.enter the gungeon\debug\bmpmgr.obj
c:\users\qaws1\downloads\dd (2) (4)\0.enter the gungeon\debug\boombullet.obj
c:\users\qaws1\downloads\dd (2) (4)\0.enter the gungeon\debug\breakbullet.obj
c:\users\qaws1\downloads\dd (2) (4)\0.enter the gungeon\debug\bullet.obj
c:\users\qaws1\downloads\dd (2) (4)\0.enter the gungeon\debug\chargeeffect.obj
c:\users\qaws1\downloads\dd (2) (4)\0.enter the gungeon\debug\collisionmgr.obj
c:\users\qaws1\downloads\dd (2) (4)\0.enter the gungeon\debug\crossbow.obj
c:\users\qaws1\downloads\dd (2) (4)\0.enter the gungeon\debug\galme.obj
c:\users\qaws1\downloads\dd (2) (4)\0.enter the gungeon\debug\gundead.obj
c:\users\qaws1\downloads\dd (2) (4)\0.enter the gungeon\debug\gundeadgun.obj
c:\users\qaws1\downloads\dd (2) (4)\0.enter the gungeon\debug\keymgr.obj
c:\users\qaws1\downloads\dd (2) (4)\0.enter the gungeon\debug\knight.obj
c:\users\qaws1\downloads\dd (2) (4)\0.enter the gungeon\debug\logo.obj
c:\users\qaws1\downloads\dd (2) (4)\0.enter the gungeon\debug\mage.obj
c:\users\qaws1\downloads\dd (2) (4)\0.enter the gungeon\debug\magebullet.obj
c:\users\qaws1\downloads\dd (2) (4)\0.enter the gungeon\debug\maingame.obj
c:\users\qaws1\downloads\dd (2) (4)\0.enter the gungeon\debug\monster.obj
c:\users\qaws1\downloads\dd (2) (4)\debug\0.enter the gungeon.ilk
c:\users\qaws1\downloads\dd (2) (4)\debug\0.enter the gungeon.exe
c:\users\qaws1\downloads\dd (2) (4)\debug\0.enter the gungeon.pdb
c:\users\qaws1\downloads\dd (2) (4)\0.enter the gungeon\debug\0.enter the gungeon.res
c:\users\qaws1\downloads\dd (2) (4)\0.enter the gungeon\debug\myedit.obj.enc
c:\users\qaws1\downloads\dd (2) (4)\0.enter the gungeon\debug\objmgr.obj.enc
c:\users\qaws1\downloads\dd (2) (4)\0.enter the gungeon\debug\0.enter .11490ed2.tlog\cl.command.1.tlog
c:\users\qaws1\downloads\dd (2) (4)\0.enter the gungeon\debug\0.enter .11490ed2.tlog\cl.read.1.tlog
c:\users\qaws1\downloads\dd (2) (4)\0.enter the gungeon\debug\0.enter .11490ed2.tlog\cl.write.1.tlog
c:\users\qaws1\downloads\dd (2) (4)\0.enter the gungeon\debug\0.enter .11490ed2.tlog\link.command.1.tlog
c:\users\qaws1\downloads\dd (2) (4)\0.enter the gungeon\debug\0.enter .11490ed2.tlog\link.read.1.tlog
c:\users\qaws1\downloads\dd (2) (4)\0.enter the gungeon\debug\0.enter .11490ed2.tlog\link.write.1.tlog
c:\users\qaws1\downloads\dd (2) (4)\0.enter the gungeon\debug\0.enter .11490ed2.tlog\rc.command.1.tlog
c:\users\qaws1\downloads\dd (2) (4)\0.enter the gungeon\debug\0.enter .11490ed2.tlog\rc.read.1.tlog
c:\users\qaws1\downloads\dd (2) (4)\0.enter the gungeon\debug\0.enter .11490ed2.tlog\rc.write.1.tlog
